<?xml version="1.0" encoding="UTF-8"?>
<!-- Generated by org.testng.reporters.JUnitReportReporter -->
<testsuite hostname="QT-INBG-LT1945" failures="0" tests="1" name="project.Sign_Up" time="18.489" errors="0" timestamp="2022-09-16T17:00:10 IST" skipped="0">
  <testcase classname="project.Sign_Up" name="signup" time="18.489"/>
  <system-out/>
</testsuite> <!-- project.Sign_Up -->
